#
# There is insufficient memory for the Java Runtime Environment to continue.
# Native memory allocation (mmap) failed to map 5726797824 bytes for committing reserved memory.
# Possible reasons:
#   The system is out of physical RAM or swap space
#   In 32 bit mode, the process size limit was hit
# Possible solutions:
#   Reduce memory load on the system
#   Increase physical memory or swap space
#   Check if swap backing store is full
#   Use 64 bit Java on a 64 bit OS
#   Decrease Java heap size (-Xmx/-Xms)
#   Decrease number of Java threads
#   Decrease Java thread stack sizes (-Xss)
#   Set larger code cache with -XX:ReservedCodeCacheSize=
# This output file may be truncated or incomplete.
#
#  Out of Memory Error (os_linux.cpp:2640), pid=1870, tid=0x00007f1a342a0700
#
# JRE version:  (8.0_151-b12) (build )
# Java VM: Java HotSpot(TM) 64-Bit Server VM (25.151-b12 mixed mode linux-amd64 compressed oops)
# Failed to write core dump. Core dumps have been disabled. To enable core dumping, try "ulimit -c unlimited" before starting Java again
#

---------------  T H R E A D  ---------------

Current thread (0x00007f1a2c009800):  JavaThread "Unknown thread" [_thread_in_vm, id=1871, stack(0x00007f1a341a0000,0x00007f1a342a1000)]

Stack: [0x00007f1a341a0000,0x00007f1a342a1000],  sp=0x00007f1a3429f3c0,  free space=1020k
Native frames: (J=compiled Java code, j=interpreted, Vv=VM code, C=native code)
V  [libjvm.so+0xacb58a]  VMError::report_and_die()+0x2ba
V  [libjvm.so+0x4ff4ab]  report_vm_out_of_memory(char const*, int, unsigned long, VMErrorType, char const*)+0x8b
V  [libjvm.so+0x928113]  os::Linux::commit_memory_impl(char*, unsigned long, bool)+0x103
V  [libjvm.so+0x928669]  os::pd_commit_memory(char*, unsigned long, unsigned long, bool)+0x29
V  [libjvm.so+0x92288a]  os::commit_memory(char*, unsigned long, unsigned long, bool)+0x2a
V  [libjvm.so+0x9973e3]  PSVirtualSpace::expand_by(unsigned long)+0x53
V  [libjvm.so+0x9874f7]  PSOldGen::initialize(ReservedSpace, unsigned long, char const*, int)+0xb7
V  [libjvm.so+0x2dac3a]  AdjoiningGenerations::AdjoiningGenerations(ReservedSpace, GenerationSizer*, unsigned long)+0x39a
V  [libjvm.so+0x94b796]  ParallelScavengeHeap::initialize()+0x1d6
V  [libjvm.so+0xa93603]  Universe::initialize_heap()+0xf3
V  [libjvm.so+0xa93b6e]  universe_init()+0x3e
V  [libjvm.so+0x640545]  init_globals()+0x65
V  [libjvm.so+0xa7725e]  Threads::create_vm(JavaVMInitArgs*, bool*)+0x23e
V  [libjvm.so+0x6d4e44]  JNI_CreateJavaVM+0x74
C  [libjli.so+0x797e]  JavaMain+0x9e
C  [libpthread.so.0+0x76ba]  start_thread+0xca


---------------  P R O C E S S  ---------------

Java Threads: ( => current thread )

Other Threads:

=>0x00007f1a2c009800 (exited) JavaThread "Unknown thread" [_thread_in_vm, id=1871, stack(0x00007f1a341a0000,0x00007f1a342a1000)]

VM state:not at safepoint (not fully initialized)

VM Mutex/Monitor currently owned by a thread: None

GC Heap History (0 events):
No events

Deoptimization events (0 events):
No events

Internal exceptions (0 events):
No events

Events (0 events):
No events


Dynamic libraries:
00400000-00401000 r-xp 00000000 fc:01 14952716                           /usr/lib/jvm/java-8-oracle/jre/bin/java
00600000-00601000 rw-p 00000000 fc:01 14952716                           /usr/lib/jvm/java-8-oracle/jre/bin/java
01c9e000-01cbf000 rw-p 00000000 00:00 0                                  [heap]
715580000-7c0000000 rw-p 00000000 00:00 0 
7f1a0afff000-7f1a0baa9000 ---p 00000000 00:00 0 
7f1a0baa9000-7f1a0c000000 rw-p 00000000 00:00 0 
7f1a0c000000-7f1a0c270000 rwxp 00000000 00:00 0 
7f1a0c270000-7f1a2c000000 ---p 00000000 00:00 0 
7f1a2c000000-7f1a2c034000 rw-p 00000000 00:00 0 
7f1a2c034000-7f1a30000000 ---p 00000000 00:00 0 
7f1a30875000-7f1a30b06000 rw-p 00000000 00:00 0 
7f1a30b06000-7f1a312fc000 ---p 00000000 00:00 0 
7f1a312fc000-7f1a31317000 r-xp 00000000 fc:01 15207048                   /usr/lib/jvm/java-8-oracle/jre/lib/amd64/libzip.so
7f1a31317000-7f1a31517000 ---p 0001b000 fc:01 15207048                   /usr/lib/jvm/java-8-oracle/jre/lib/amd64/libzip.so
7f1a31517000-7f1a31518000 rw-p 0001b000 fc:01 15207048                   /usr/lib/jvm/java-8-oracle/jre/lib/amd64/libzip.so
7f1a31518000-7f1a31523000 r-xp 00000000 fc:01 11536056                   /lib/x86_64-linux-gnu/libnss_files-2.23.so
7f1a31523000-7f1a31722000 ---p 0000b000 fc:01 11536056                   /lib/x86_64-linux-gnu/libnss_files-2.23.so
7f1a31722000-7f1a31723000 r--p 0000a000 fc:01 11536056                   /lib/x86_64-linux-gnu/libnss_files-2.23.so
7f1a31723000-7f1a31724000 rw-p 0000b000 fc:01 11536056                   /lib/x86_64-linux-gnu/libnss_files-2.23.so
7f1a31724000-7f1a3172a000 rw-p 00000000 00:00 0 
7f1a3172a000-7f1a31735000 r-xp 00000000 fc:01 11536064                   /lib/x86_64-linux-gnu/libnss_nis-2.23.so
7f1a31735000-7f1a31934000 ---p 0000b000 fc:01 11536064                   /lib/x86_64-linux-gnu/libnss_nis-2.23.so
7f1a31934000-7f1a31935000 r--p 0000a000 fc:01 11536064                   /lib/x86_64-linux-gnu/libnss_nis-2.23.so
7f1a31935000-7f1a31936000 rw-p 0000b000 fc:01 11536064                   /lib/x86_64-linux-gnu/libnss_nis-2.23.so
7f1a31936000-7f1a3194c000 r-xp 00000000 fc:01 11536036                   /lib/x86_64-linux-gnu/libnsl-2.23.so
7f1a3194c000-7f1a31b4b000 ---p 00016000 fc:01 11536036                   /lib/x86_64-linux-gnu/libnsl-2.23.so
7f1a31b4b000-7f1a31b4c000 r--p 00015000 fc:01 11536036                   /lib/x86_64-linux-gnu/libnsl-2.23.so
7f1a31b4c000-7f1a31b4d000 rw-p 00016000 fc:01 11536036                   /lib/x86_64-linux-gnu/libnsl-2.23.so
7f1a31b4d000-7f1a31b4f000 rw-p 00000000 00:00 0 
7f1a31b4f000-7f1a31b57000 r-xp 00000000 fc:01 11536060                   /lib/x86_64-linux-gnu/libnss_compat-2.23.so
7f1a31b57000-7f1a31d56000 ---p 00008000 fc:01 11536060                   /lib/x86_64-linux-gnu/libnss_compat-2.23.so
7f1a31d56000-7f1a31d57000 r--p 00007000 fc:01 11536060                   /lib/x86_64-linux-gnu/libnss_compat-2.23.so
7f1a31d57000-7f1a31d58000 rw-p 00008000 fc:01 11536060                   /lib/x86_64-linux-gnu/libnss_compat-2.23.so
7f1a31d58000-7f1a31d83000 r-xp 00000000 fc:01 15207042                   /usr/lib/jvm/java-8-oracle/jre/lib/amd64/libjava.so
7f1a31d83000-7f1a31f82000 ---p 0002b000 fc:01 15207042                   /usr/lib/jvm/java-8-oracle/jre/lib/amd64/libjava.so
7f1a31f82000-7f1a31f84000 rw-p 0002a000 fc:01 15207042                   /usr/lib/jvm/java-8-oracle/jre/lib/amd64/libjava.so
7f1a31f84000-7f1a31f91000 r-xp 00000000 fc:01 15207047                   /usr/lib/jvm/java-8-oracle/jre/lib/amd64/libverify.so
7f1a31f91000-7f1a32191000 ---p 0000d000 fc:01 15207047                   /usr/lib/jvm/java-8-oracle/jre/lib/amd64/libverify.so
7f1a32191000-7f1a32193000 rw-p 0000d000 fc:01 15207047                   /usr/lib/jvm/java-8-oracle/jre/lib/amd64/libverify.so
7f1a32193000-7f1a3219a000 r-xp 00000000 fc:01 11536070                   /lib/x86_64-linux-gnu/librt-2.23.so
7f1a3219a000-7f1a32399000 ---p 00007000 fc:01 11536070                   /lib/x86_64-linux-gnu/librt-2.23.so
7f1a32399000-7f1a3239a000 r--p 00006000 fc:01 11536070                   /lib/x86_64-linux-gnu/librt-2.23.so
7f1a3239a000-7f1a3239b000 rw-p 00007000 fc:01 11536070                   /lib/x86_64-linux-gnu/librt-2.23.so
7f1a3239b000-7f1a324a3000 r-xp 00000000 fc:01 11536038                   /lib/x86_64-linux-gnu/libm-2.23.so
7f1a324a3000-7f1a326a2000 ---p 00108000 fc:01 11536038                   /lib/x86_64-linux-gnu/libm-2.23.so
7f1a326a2000-7f1a326a3000 r--p 00107000 fc:01 11536038                   /lib/x86_64-linux-gnu/libm-2.23.so
7f1a326a3000-7f1a326a4000 rw-p 00108000 fc:01 11536038                   /lib/x86_64-linux-gnu/libm-2.23.so
7f1a326a4000-7f1a33377000 r-xp 00000000 fc:01 15207025                   /usr/lib/jvm/java-8-oracle/jre/lib/amd64/server/libjvm.so
7f1a33377000-7f1a33576000 ---p 00cd3000 fc:01 15207025                   /usr/lib/jvm/java-8-oracle/jre/lib/amd64/server/libjvm.so
7f1a33576000-7f1a33650000 rw-p 00cd2000 fc:01 15207025                   /usr/lib/jvm/java-8-oracle/jre/lib/amd64/server/libjvm.so
7f1a33650000-7f1a3369b000 rw-p 00000000 00:00 0 
7f1a3369b000-7f1a3385b000 r-xp 00000000 fc:01 11536030                   /lib/x86_64-linux-gnu/libc-2.23.so
7f1a3385b000-7f1a33a5b000 ---p 001c0000 fc:01 11536030                   /lib/x86_64-linux-gnu/libc-2.23.so
7f1a33a5b000-7f1a33a5f000 r--p 001c0000 fc:01 11536030                   /lib/x86_64-linux-gnu/libc-2.23.so
7f1a33a5f000-7f1a33a61000 rw-p 001c4000 fc:01 11536030                   /lib/x86_64-linux-gnu/libc-2.23.so
7f1a33a61000-7f1a33a65000 rw-p 00000000 00:00 0 
7f1a33a65000-7f1a33a68000 r-xp 00000000 fc:01 11536026                   /lib/x86_64-linux-gnu/libdl-2.23.so
7f1a33a68000-7f1a33c67000 ---p 00003000 fc:01 11536026                   /lib/x86_64-linux-gnu/libdl-2.23.so
7f1a33c67000-7f1a33c68000 r--p 00002000 fc:01 11536026                   /lib/x86_64-linux-gnu/libdl-2.23.so
7f1a33c68000-7f1a33c69000 rw-p 00003000 fc:01 11536026                   /lib/x86_64-linux-gnu/libdl-2.23.so
7f1a33c69000-7f1a33c7f000 r-xp 00000000 fc:01 15207020                   /usr/lib/jvm/java-8-oracle/jre/lib/amd64/jli/libjli.so
7f1a33c7f000-7f1a33e7e000 ---p 00016000 fc:01 15207020                   /usr/lib/jvm/java-8-oracle/jre/lib/amd64/jli/libjli.so
7f1a33e7e000-7f1a33e7f000 rw-p 00015000 fc:01 15207020                   /usr/lib/jvm/java-8-oracle/jre/lib/amd64/jli/libjli.so
7f1a33e7f000-7f1a33e97000 r-xp 00000000 fc:01 11536032                   /lib/x86_64-linux-gnu/libpthread-2.23.so
7f1a33e97000-7f1a34096000 ---p 00018000 fc:01 11536032                   /lib/x86_64-linux-gnu/libpthread-2.23.so
7f1a34096000-7f1a34097000 r--p 00017000 fc:01 11536032                   /lib/x86_64-linux-gnu/libpthread-2.23.so
7f1a34097000-7f1a34098000 rw-p 00018000 fc:01 11536032                   /lib/x86_64-linux-gnu/libpthread-2.23.so
7f1a34098000-7f1a3409c000 rw-p 00000000 00:00 0 
7f1a3409c000-7f1a340c2000 r-xp 00000000 fc:01 11536052                   /lib/x86_64-linux-gnu/ld-2.23.so
7f1a341a0000-7f1a341a3000 ---p 00000000 00:00 0 
7f1a341a3000-7f1a342a6000 rw-p 00000000 00:00 0 
7f1a342b7000-7f1a342bf000 rw-s 00000000 fc:01 14550026                   /tmp/hsperfdata_grant/1870
7f1a342bf000-7f1a342c0000 rw-p 00000000 00:00 0 
7f1a342c0000-7f1a342c1000 r--p 00000000 00:00 0 
7f1a342c1000-7f1a342c2000 r--p 00025000 fc:01 11536052                   /lib/x86_64-linux-gnu/ld-2.23.so
7f1a342c2000-7f1a342c3000 rw-p 00026000 fc:01 11536052                   /lib/x86_64-linux-gnu/ld-2.23.so
7f1a342c3000-7f1a342c4000 rw-p 00000000 00:00 0 
7ffe92f8d000-7ffe92faf000 rw-p 00000000 00:00 0                          [stack]
7ffe92fbe000-7ffe92fc0000 r--p 00000000 00:00 0                          [vvar]
7ffe92fc0000-7ffe92fc2000 r-xp 00000000 00:00 0                          [vdso]
ffffffffff600000-ffffffffff601000 r-xp 00000000 00:00 0                  [vsyscall]

VM Arguments:
jvm_args: -Xms8192m -Xmx8192m -XX:ReservedCodeCacheSize=512m -XX:MaxMetaspaceSize=1024m 
java_command: /usr/share/sbt/bin/sbt-launch.jar
java_class_path (initial): /usr/share/sbt/bin/sbt-launch.jar
Launcher Type: SUN_STANDARD

Environment Variables:
JAVA_HOME=/usr/lib/jvm/java-8-oracle
PATH=/home/grant/.rvm/gems/ruby-2.2.2/bin:/home/grant/.rvm/gems/ruby-2.2.2@global/bin:/home/grant/.rvm/rubies/ruby-2.2.2/bin:/home/grant/bin:/home/grant/.local/bin:/home/grant/.rbenv/plugins/ruby-build/bin:/home/grant/.rbenv/shims:/home/grant/.rbenv/bin:/home/grant/bin:/home/grant/.local/bin:/usr/local/sbin:/usr/local/bin:/usr/sbin:/usr/bin:/sbin:/bin:/usr/games:/usr/local/games:/snap/bin:/usr/lib/jvm/java-8-oracle/bin:/usr/lib/jvm/java-8-oracle/db/bin:/usr/lib/jvm/java-8-oracle/jre/bin:/home/grant/.rvm/bin:/usr/lib/jvm/java-8-oracle/bin:/usr/lib/jvm/java-8-oracle/db/bin:/usr/lib/jvm/java-8-oracle/jre/bin:/home/grant/.rvm/bin:/home/grant/.conscript/bin:/home/grant/.rvm/bin
SHELL=/bin/bash
DISPLAY=:0

Signal Handlers:
SIGSEGV: [libjvm.so+0xacbe10], sa_mask[0]=11111111011111111101111111111110, sa_flags=SA_RESTART|SA_SIGINFO
SIGBUS: [libjvm.so+0xacbe10], sa_mask[0]=11111111011111111101111111111110, sa_flags=SA_RESTART|SA_SIGINFO
SIGFPE: [libjvm.so+0x924f90], sa_mask[0]=11111111011111111101111111111110, sa_flags=SA_RESTART|SA_SIGINFO
SIGPIPE: [libjvm.so+0x924f90], sa_mask[0]=11111111011111111101111111111110, sa_flags=SA_RESTART|SA_SIGINFO
SIGXFSZ: [libjvm.so+0x924f90], sa_mask[0]=11111111011111111101111111111110, sa_flags=SA_RESTART|SA_SIGINFO
SIGILL: [libjvm.so+0x924f90], sa_mask[0]=11111111011111111101111111111110, sa_flags=SA_RESTART|SA_SIGINFO
SIGUSR1: SIG_DFL, sa_mask[0]=00000000000000000000000000000000, sa_flags=none
SIGUSR2: [libjvm.so+0x9267d0], sa_mask[0]=00000000000000000000000000000000, sa_flags=SA_RESTART|SA_SIGINFO
SIGHUP: SIG_DFL, sa_mask[0]=00000000000000000000000000000000, sa_flags=none
SIGINT: SIG_DFL, sa_mask[0]=00000000000000000000000000000000, sa_flags=none
SIGTERM: SIG_DFL, sa_mask[0]=00000000000000000000000000000000, sa_flags=none
SIGQUIT: SIG_DFL, sa_mask[0]=00000000000000000000000000000000, sa_flags=none


---------------  S Y S T E M  ---------------

OS:DISTRIB_ID=Ubuntu
DISTRIB_RELEASE=16.04
DISTRIB_CODENAME=xenial
DISTRIB_DESCRIPTION="Ubuntu 16.04.3 LTS"

uname:Linux 4.4.0-201-generic #233-Ubuntu SMP Thu Jan 14 06:10:28 UTC 2021 x86_64
libc:glibc 2.23 NPTL 2.23 
rlimit: STACK 8192k, CORE 0k, NPROC 62362, NOFILE 1048576, AS infinity
load average:2.26 2.01 1.89

/proc/meminfo:
MemTotal:       16252836 kB
MemFree:          184796 kB
MemAvailable:     406664 kB
Buffers:          105872 kB
Cached:          1212132 kB
SwapCached:        67032 kB
Active:         13705940 kB
Inactive:        1831140 kB
Active(anon):   13433732 kB
Inactive(anon):  1668300 kB
Active(file):     272208 kB
Inactive(file):   162840 kB
Unevictable:          64 kB
Mlocked:              64 kB
SwapTotal:      16601084 kB
SwapFree:        2565000 kB
Dirty:             33968 kB
Writeback:             0 kB
AnonPages:      14156648 kB
Mapped:           542168 kB
Shmem:            883208 kB
Slab:             206532 kB
SReclaimable:      97452 kB
SUnreclaim:       109080 kB
KernelStack:       45312 kB
PageTables:       133232 kB
NFS_Unstable:          0 kB
Bounce:                0 kB
WritebackTmp:          0 kB
CommitLimit:    24727500 kB
Committed_AS:   61782316 kB
VmallocTotal:   34359738367 kB
VmallocUsed:           0 kB
VmallocChunk:          0 kB
HardwareCorrupted:     0 kB
AnonHugePages:         0 kB
CmaTotal:              0 kB
CmaFree:               0 kB
HugePages_Total:       0
HugePages_Free:        0
HugePages_Rsvd:        0
HugePages_Surp:        0
Hugepagesize:       2048 kB
DirectMap4k:      585104 kB
DirectMap2M:    16013312 kB
DirectMap1G:           0 kB


CPU:total 8 (initial active 8) (4 cores per cpu, 2 threads per core) family 6 model 94 stepping 3, cmov, cx8, fxsr, mmx, sse, sse2, sse3, ssse3, sse4.1, sse4.2, popcnt, avx, avx2, aes, clmul, erms, rtm, 3dnowpref, lzcnt, ht, tsc, tscinvbit, bmi1, bmi2, adx

/proc/cpuinfo:
processor	: 0
vendor_id	: GenuineIntel
cpu family	: 6
model		: 94
model name	: Intel(R) Core(TM) i7-6700HQ CPU @ 2.60GHz
stepping	: 3
microcode	: 0xe2
cpu MHz		: 1126.125
cache size	: 6144 KB
physical id	: 0
siblings	: 8
core id		: 0
cpu cores	: 4
apicid		: 0
initial apicid	: 0
fpu		: yes
fpu_exception	: yes
cpuid level	: 22
wp		: yes
flags		: fpu vme de pse tsc msr pae mce cx8 apic sep mtrr pge mca cmov pat pse36 clflush dts acpi mmx fxsr sse sse2 ss ht tm pbe syscall nx pdpe1gb rdtscp lm constant_tsc art arch_perfmon pebs bts rep_good nopl xtopology nonstop_tsc aperfmperf pni pclmulqdq dtes64 monitor ds_cpl vmx est tm2 ssse3 sdbg fma cx16 xtpr pdcm pcid sse4_1 sse4_2 x2apic movbe popcnt tsc_deadline_timer aes xsave avx f16c rdrand lahf_lm abm 3dnowprefetch epb invpcid_single intel_pt ssbd ibrs ibpb stibp kaiser tpr_shadow vnmi flexpriority ept vpid fsgsbase tsc_adjust bmi1 hle avx2 smep bmi2 erms invpcid rtm mpx rdseed adx smap clflushopt xsaveopt xsavec xgetbv1 dtherm ida arat pln pts hwp hwp_notify hwp_act_window hwp_epp md_clear flush_l1d
bugs		: cpu_meltdown spectre_v1 spectre_v2 spec_store_bypass l1tf mds swapgs taa itlb_multihit srbds
bogomips	: 5183.87
clflush size	: 64
cache_alignment	: 64
address sizes	: 39 bits physical, 48 bits virtual
power management:

processor	: 1
vendor_id	: GenuineIntel
cpu family	: 6
model		: 94
model name	: Intel(R) Core(TM) i7-6700HQ CPU @ 2.60GHz
stepping	: 3
microcode	: 0xe2
cpu MHz		: 866.937
cache size	: 6144 KB
physical id	: 0
siblings	: 8
core id		: 1
cpu cores	: 4
apicid		: 2
initial apicid	: 2
fpu		: yes
fpu_exception	: yes
cpuid level	: 22
wp		: yes
flags		: fpu vme de pse tsc msr pae mce cx8 apic sep mtrr pge mca cmov pat pse36 clflush dts acpi mmx fxsr sse sse2 ss ht tm pbe syscall nx pdpe1gb rdtscp lm constant_tsc art arch_perfmon pebs bts rep_good nopl xtopology nonstop_tsc aperfmperf pni pclmulqdq dtes64 monitor ds_cpl vmx est tm2 ssse3 sdbg fma cx16 xtpr pdcm pcid sse4_1 sse4_2 x2apic movbe popcnt tsc_deadline_timer aes xsave avx f16c rdrand lahf_lm abm 3dnowprefetch epb invpcid_single intel_pt ssbd ibrs ibpb stibp kaiser tpr_shadow vnmi flexpriority ept vpid fsgsbase tsc_adjust bmi1 hle avx2 smep bmi2 erms invpcid rtm mpx rdseed adx smap clflushopt xsaveopt xsavec xgetbv1 dtherm ida arat pln pts hwp hwp_notify hwp_act_window hwp_epp md_clear flush_l1d
bugs		: cpu_meltdown spectre_v1 spectre_v2 spec_store_bypass l1tf mds swapgs taa itlb_multihit srbds
bogomips	: 5183.87
clflush size	: 64
cache_alignment	: 64
address sizes	: 39 bits physical, 48 bits virtual
power management:

processor	: 2
vendor_id	: GenuineIntel
cpu family	: 6
model		: 94
model name	: Intel(R) Core(TM) i7-6700HQ CPU @ 2.60GHz
stepping	: 3
microcode	: 0xe2
cpu MHz		: 2629.148
cache size	: 6144 KB
physical id	: 0
siblings	: 8
core id		: 2
cpu cores	: 4
apicid		: 4
initial apicid	: 4
fpu		: yes
fpu_exception	: yes
cpuid level	: 22
wp		: yes
flags		: fpu vme de pse tsc msr pae mce cx8 apic sep mtrr pge mca cmov pat pse36 clflush dts acpi mmx fxsr sse sse2 ss ht tm pbe syscall nx pdpe1gb rdtscp lm constant_tsc art arch_perfmon pebs bts rep_good nopl xtopology nonstop_tsc aperfmperf pni pclmulqdq dtes64 monitor ds_cpl vmx est tm2 ssse3 sdbg fma cx16 xtpr pdcm pcid sse4_1 sse4_2 x2apic movbe popcnt tsc_deadline_timer aes xsave avx f16c rdrand lahf_lm abm 3dnowprefetch epb invpcid_single intel_pt ssbd ibrs ibpb stibp kaiser tpr_shadow vnmi flexpriority ept vpid fsgsbase tsc_adjust bmi1 hle avx2 smep bmi2 erms invpcid rtm mpx rdseed adx smap clflushopt xsaveopt xsavec xgetbv1 dtherm ida arat pln pts hwp hwp_notify hwp_act_window hwp_epp md_clear flush_l1d
bugs		: cpu_meltdown spectre_v1 spectre_v2 spec_store_bypass l1tf mds swapgs taa itlb_multihit srbds
bogomips	: 5183.87
clflush size	: 64
cache_alignment	: 64
address sizes	: 39 bits physical, 48 bits virtual
power management:

processor	: 3
vendor_id	: GenuineIntel
cpu family	: 6
model		: 94
model name	: Intel(R) Core(TM) i7-6700HQ CPU @ 2.60GHz
stepping	: 3
microcode	: 0xe2
cpu MHz		: 940.875
cache size	: 6144 KB
physical id	: 0
siblings	: 8
core id		: 3
cpu cores	: 4
apicid		: 6
initial apicid	: 6
fpu		: yes
fpu_exception	: yes
cpuid level	: 22
wp		: yes
flags		: fpu vme de pse tsc msr pae mce cx8 apic sep mtrr pge mca cmov pat pse36 clflush dts acpi mmx fxsr sse sse2 ss ht tm pbe syscall nx pdpe1gb rdtscp lm constant_tsc art arch_perfmon pebs bts rep_good nopl xtopology nonstop_tsc aperfmperf pni pclmulqdq dtes64 monitor ds_cpl vmx est tm2 ssse3 sdbg fma cx16 xtpr pdcm pcid sse4_1 sse4_2 x2apic movbe popcnt tsc_deadline_timer aes xsave avx f16c rdrand lahf_lm abm 3dnowprefetch epb invpcid_single intel_pt ssbd ibrs ibpb stibp kaiser tpr_shadow vnmi flexpriority ept vpid fsgsbase tsc_adjust bmi1 hle avx2 smep bmi2 erms invpcid rtm mpx rdseed adx smap clflushopt xsaveopt xsavec xgetbv1 dtherm ida arat pln pts hwp hwp_notify hwp_act_window hwp_epp md_clear flush_l1d
bugs		: cpu_meltdown spectre_v1 spectre_v2 spec_store_bypass l1tf mds swapgs taa itlb_multihit srbds
bogomips	: 5183.87
clflush size	: 64
cache_alignment	: 64
address sizes	: 39 bits physical, 48 bits virtual
power management:

processor	: 4
vendor_id	: GenuineIntel
cpu family	: 6
model		: 94
model name	: Intel(R) Core(TM) i7-6700HQ CPU @ 2.60GHz
stepping	: 3
microcode	: 0xe2
cpu MHz		: 1760.992
cache size	: 6144 KB
physical id	: 0
siblings	: 8
core id		: 0
cpu cores	: 4
apicid		: 1
initial apicid	: 1
fpu		: yes
fpu_exception	: yes
cpuid level	: 22
wp		: yes
flags		: fpu vme de pse tsc msr pae mce cx8 apic sep mtrr pge mca cmov pat pse36 clflush dts acpi mmx fxsr sse sse2 ss ht tm pbe syscall nx pdpe1gb rdtscp lm constant_tsc art arch_perfmon pebs bts rep_good nopl xtopology nonstop_tsc aperfmperf pni pclmulqdq dtes64 monitor ds_cpl vmx est tm2 ssse3 sdbg fma cx16 xtpr pdcm pcid sse4_1 sse4_2 x2apic movbe popcnt tsc_deadline_timer aes xsave avx f16c rdrand lahf_lm abm 3dnowprefetch epb invpcid_single intel_pt ssbd ibrs ibpb stibp kaiser tpr_shadow vnmi flexpriority ept vpid fsgsbase tsc_adjust bmi1 hle avx2 smep bmi2 erms invpcid rtm mpx rdseed adx smap clflushopt xsaveopt xsavec xgetbv1 dtherm ida arat pln pts hwp hwp_notify hwp_act_window hwp_epp md_clear flush_l1d
bugs		: cpu_meltdown spectre_v1 spectre_v2 spec_store_bypass l1tf mds swapgs taa itlb_multihit srbds
bogomips	: 5183.87
clflush size	: 64
cache_alignment	: 64
address sizes	: 39 bits physical, 48 bits virtual
power management:

processor	: 5
vendor_id	: GenuineIntel
cpu family	: 6
model		: 94
model name	: Intel(R) Core(TM) i7-6700HQ CPU @ 2.60GHz
stepping	: 3
microcode	: 0xe2
cpu MHz		: 2394.640
cache size	: 6144 KB
physical id	: 0
siblings	: 8
core id		: 1
cpu cores	: 4
apicid		: 3
initial apicid	: 3
fpu		: yes
fpu_exception	: yes
cpuid level	: 22
wp		: yes
flags		: fpu vme de pse tsc msr pae mce cx8 apic sep mtrr pge mca cmov pat pse36 clflush dts acpi mmx fxsr sse sse2 ss ht tm pbe syscall nx pdpe1gb rdtscp lm constant_tsc art arch_perfmon pebs bts rep_good nopl xtopology nonstop_tsc aperfmperf pni pclmulqdq dtes64 monitor ds_cpl vmx est tm2 ssse3 sdbg fma cx16 xtpr pdcm pcid sse4_1 sse4_2 x2apic movbe popcnt tsc_deadline_timer aes xsave avx f16c rdrand lahf_lm abm 3dnowprefetch epb invpcid_single intel_pt ssbd ibrs ibpb stibp kaiser tpr_shadow vnmi flexpriority ept vpid fsgsbase tsc_adjust bmi1 hle avx2 smep bmi2 erms invpcid rtm mpx rdseed adx smap clflushopt xsaveopt xsavec xgetbv1 dtherm ida arat pln pts hwp hwp_notify hwp_act_window hwp_epp md_clear flush_l1d
bugs		: cpu_meltdown spectre_v1 spectre_v2 spec_store_bypass l1tf mds swapgs taa itlb_multihit srbds
bogomips	: 5183.87
clflush size	: 64
cache_alignment	: 64
address sizes	: 39 bits physical, 48 bits virtual
power management:

processor	: 6
vendor_id	: GenuineIntel
cpu family	: 6
model		: 94
model name	: Intel(R) Core(TM) i7-6700HQ CPU @ 2.60GHz
stepping	: 3
microcode	: 0xe2
cpu MHz		: 1160.453
cache size	: 6144 KB
physical id	: 0
siblings	: 8
core id		: 2
cpu cores	: 4
apicid		: 5
initial apicid	: 5
fpu		: yes
fpu_exception	: yes
cpuid level	: 22
wp		: yes
flags		: fpu vme de pse tsc msr pae mce cx8 apic sep mtrr pge mca cmov pat pse36 clflush dts acpi mmx fxsr sse sse2 ss ht tm pbe syscall nx pdpe1gb rdtscp lm constant_tsc art arch_perfmon pebs bts rep_good nopl xtopology nonstop_tsc aperfmperf pni pclmulqdq dtes64 monitor ds_cpl vmx est tm2 ssse3 sdbg fma cx16 xtpr pdcm pcid sse4_1 sse4_2 x2apic movbe popcnt tsc_deadline_timer aes xsave avx f16c rdrand lahf_lm abm 3dnowprefetch epb invpcid_single intel_pt ssbd ibrs ibpb stibp kaiser tpr_shadow vnmi flexpriority ept vpid fsgsbase tsc_adjust bmi1 hle avx2 smep bmi2 erms invpcid rtm mpx rdseed adx smap clflushopt xsaveopt xsavec xgetbv1 dtherm ida arat pln pts hwp hwp_notify hwp_act_window hwp_epp md_clear flush_l1d
bugs		: cpu_meltdown spectre_v1 spectre_v2 spec_store_bypass l1tf mds swapgs taa itlb_multihit srbds
bogomips	: 5183.87
clflush size	: 64
cache_alignment	: 64
address sizes	: 39 bits physical, 48 bits virtual
power management:

processor	: 7
vendor_id	: GenuineIntel
cpu family	: 6
model		: 94
model name	: Intel(R) Core(TM) i7-6700HQ CPU @ 2.60GHz
stepping	: 3
microcode	: 0xe2
cpu MHz		: 1527.093
cache size	: 6144 KB
physical id	: 0
siblings	: 8
core id		: 3
cpu cores	: 4
apicid		: 7
initial apicid	: 7
fpu		: yes
fpu_exception	: yes
cpuid level	: 22
wp		: yes
flags		: fpu vme de pse tsc msr pae mce cx8 apic sep mtrr pge mca cmov pat pse36 clflush dts acpi mmx fxsr sse sse2 ss ht tm pbe syscall nx pdpe1gb rdtscp lm constant_tsc art arch_perfmon pebs bts rep_good nopl xtopology nonstop_tsc aperfmperf pni pclmulqdq dtes64 monitor ds_cpl vmx est tm2 ssse3 sdbg fma cx16 xtpr pdcm pcid sse4_1 sse4_2 x2apic movbe popcnt tsc_deadline_timer aes xsave avx f16c rdrand lahf_lm abm 3dnowprefetch epb invpcid_single intel_pt ssbd ibrs ibpb stibp kaiser tpr_shadow vnmi flexpriority ept vpid fsgsbase tsc_adjust bmi1 hle avx2 smep bmi2 erms invpcid rtm mpx rdseed adx smap clflushopt xsaveopt xsavec xgetbv1 dtherm ida arat pln pts hwp hwp_notify hwp_act_window hwp_epp md_clear flush_l1d
bugs		: cpu_meltdown spectre_v1 spectre_v2 spec_store_bypass l1tf mds swapgs taa itlb_multihit srbds
bogomips	: 5183.87
clflush size	: 64
cache_alignment	: 64
address sizes	: 39 bits physical, 48 bits virtual
power management:



Memory: 4k page, physical 16252836k(184796k free), swap 16601084k(2565000k free)

vm_info: Java HotSpot(TM) 64-Bit Server VM (25.151-b12) for linux-amd64 JRE (1.8.0_151-b12), built on Sep  5 2017 19:20:58 by "java_re" with gcc 4.3.0 20080428 (Red Hat 4.3.0-8)

time: Wed Jun 16 12:00:30 2021
elapsed time: 0 seconds (0d 0h 0m 0s)

